<?xml version="1.0" encoding="UTF-8"?>
<!-- Generated by org.testng.reporters.JUnitXMLReporter -->
<testsuite hostname="DESKTOP-PO91V4R" name="Test2" tests="5" failures="4" timestamp="24 Apr 2017 08:41:55 GMT" time="2.106" errors="0">
  <testcase name="@AfterTest quite" time="0.0" classname="com.tvisha.multipleDevicepkg.MultiDeviceDemo">
    <failure type="java.lang.NullPointerException">
      <![CDATA[java.lang.NullPointerException
	at com.tvisha.multipleDevicepkg.MultiDeviceDemo.quite(MultiDeviceDemo.java:357)
	at java.util.concurrent.FutureTask.run(FutureTask.java:266)
	at java.util.concurrent.ThreadPoolExecutor.runWorker(ThreadPoolExecutor.java:1142)
	at java.util.concurrent.ThreadPoolExecutor$Worker.run(ThreadPoolExecutor.java:617)
	at java.lang.Thread.run(Thread.java:745)
... Removed 14 stack frames]]>
    </failure>
  </testcase> <!-- @AfterTest quite -->
  <testcase name="Test" time="0.014" classname="com.tvisha.multipleDevicepkg.MultiDeviceDemo"/>
  <testcase name="home_Page" time="0.001" classname="com.tvisha.multipleDevicepkg.MultiDeviceDemo">
    <failure type="java.lang.NullPointerException">
      <![CDATA[java.lang.NullPointerException
	at com.tvisha.multipleDevicepkg.MultiDeviceDemo.home_Page(MultiDeviceDemo.java:133)
	at java.util.concurrent.FutureTask.run(FutureTask.java:266)
	at java.util.concurrent.ThreadPoolExecutor.runWorker(ThreadPoolExecutor.java:1142)
	at java.util.concurrent.ThreadPoolExecutor$Worker.run(ThreadPoolExecutor.java:617)
	at java.lang.Thread.run(Thread.java:745)
... Removed 16 stack frames]]>
    </failure>
  </testcase> <!-- home_Page -->
  <testcase name="center_Add_Button" time="0.002" classname="com.tvisha.multipleDevicepkg.MultiDeviceDemo">
    <failure type="java.lang.NullPointerException">
      <![CDATA[java.lang.NullPointerException
	at com.tvisha.multipleDevicepkg.MultiDeviceDemo.center_Add_Button(MultiDeviceDemo.java:159)
	at java.util.concurrent.FutureTask.run(FutureTask.java:266)
	at java.util.concurrent.ThreadPoolExecutor.runWorker(ThreadPoolExecutor.java:1142)
	at java.util.concurrent.ThreadPoolExecutor$Worker.run(ThreadPoolExecutor.java:617)
	at java.lang.Thread.run(Thread.java:745)
... Removed 16 stack frames]]>
    </failure>
  </testcase> <!-- center_Add_Button -->
  <testcase name="test_case4" time="0.001" classname="com.tvisha.multipleDevicepkg.MultiDeviceDemo">
    <failure type="java.lang.NullPointerException">
      <![CDATA[java.lang.NullPointerException
	at com.tvisha.multipleDevicepkg.MultiDeviceDemo.test_case4(MultiDeviceDemo.java:309)
	at java.util.concurrent.FutureTask.run(FutureTask.java:266)
	at java.util.concurrent.ThreadPoolExecutor.runWorker(ThreadPoolExecutor.java:1142)
	at java.util.concurrent.ThreadPoolExecutor$Worker.run(ThreadPoolExecutor.java:617)
	at java.lang.Thread.run(Thread.java:745)
... Removed 16 stack frames]]>
    </failure>
  </testcase> <!-- test_case4 -->
  <testcase name="log_out" time="0.002" classname="com.tvisha.multipleDevicepkg.MultiDeviceDemo">
    <failure type="java.lang.NullPointerException">
      <![CDATA[java.lang.NullPointerException
	at com.tvisha.multipleDevicepkg.MultiDeviceDemo.log_out(MultiDeviceDemo.java:327)
	at java.util.concurrent.FutureTask.run(FutureTask.java:266)
	at java.util.concurrent.ThreadPoolExecutor.runWorker(ThreadPoolExecutor.java:1142)
	at java.util.concurrent.ThreadPoolExecutor$Worker.run(ThreadPoolExecutor.java:617)
	at java.lang.Thread.run(Thread.java:745)
... Removed 16 stack frames]]>
    </failure>
  </testcase> <!-- log_out -->
</testsuite> <!-- Test2 -->
