<?xml version="1.0" encoding="UTF-8"?>
<!-- Generated by org.testng.reporters.JUnitXMLReporter -->
<testsuite hostname="DESKTOP-PO91V4R" name="Test1" tests="5" failures="4" timestamp="24 Apr 2017 08:42:24 GMT" time="30.995" errors="0">
  <testcase name="Test" time="15.19" classname="com.tvisha.multipleDevicepkg.MultiDeviceDemo"/>
  <testcase name="home_Page" time="0.478" classname="com.tvisha.multipleDevicepkg.MultiDeviceDemo">
    <failure type="org.openqa.selenium.NoSuchElementException" message="An element could not be located on the page using the given search parameters. (WARNING: The server did not provide any stacktrace information)
Command duration or timeout: 473 milliseconds
For documentation on this error, please visit: http://seleniumhq.org/exceptions/no_such_element.html
Build info: version: &amp;apos;2.53.1&amp;apos;, revision: &amp;apos;a36b8b1&amp;apos;, time: &amp;apos;2016-06-30 17:37:03&amp;apos;
System info: host: &amp;apos;DESKTOP-PO91V4R&amp;apos;, ip: &amp;apos;192.168.2.51&amp;apos;, os.name: &amp;apos;Windows 10&amp;apos;, os.arch: &amp;apos;amd64&amp;apos;, os.version: &amp;apos;10.0&amp;apos;, java.version: &amp;apos;1.8.0_121&amp;apos;
Driver info: org.openqa.selenium.remote.RemoteWebDriver
Capabilities [{app=D:\sathish_eclipse_workspace\MultipleDevicesAppium\apk\app-debug.apk, networkConnectionEnabled=true, warnings={}, databaseEnabled=false, deviceName=emulator-5554, UDID=emulator-5554, platform=LINUX, desired={app=D:\sathish_eclipse_workspace\MultipleDevicesAppium\apk\app-debug.apk, platformVersion=5.1.1, platformName=Android, deviceName=SM-J200G, UDID=emulator-5554}, platformVersion=5.1.1, webStorageEnabled=false, locationContextEnabled=false, browserName=Android, takesScreenshot=true, javascriptEnabled=true, platformName=Android}]
Session ID: 401c6fc1-16e7-4d06-a34e-567892064957
*** Element info: {Using=id, value=com.tvisha.hoopshe:id/tab_feeds}">
      <![CDATA[org.openqa.selenium.NoSuchElementException: An element could not be located on the page using the given search parameters. (WARNING: The server did not provide any stacktrace information)
Command duration or timeout: 473 milliseconds
For documentation on this error, please visit: http://seleniumhq.org/exceptions/no_such_element.html
Build info: version: '2.53.1', revision: 'a36b8b1', time: '2016-06-30 17:37:03'
System info: host: 'DESKTOP-PO91V4R', ip: '192.168.2.51', os.name: 'Windows 10', os.arch: 'amd64', os.version: '10.0', java.version: '1.8.0_121'
Driver info: org.openqa.selenium.remote.RemoteWebDriver
Capabilities [{app=D:\sathish_eclipse_workspace\MultipleDevicesAppium\apk\app-debug.apk, networkConnectionEnabled=true, warnings={}, databaseEnabled=false, deviceName=emulator-5554, UDID=emulator-5554, platform=LINUX, desired={app=D:\sathish_eclipse_workspace\MultipleDevicesAppium\apk\app-debug.apk, platformVersion=5.1.1, platformName=Android, deviceName=SM-J200G, UDID=emulator-5554}, platformVersion=5.1.1, webStorageEnabled=false, locationContextEnabled=false, browserName=Android, takesScreenshot=true, javascriptEnabled=true, platformName=Android}]
Session ID: 401c6fc1-16e7-4d06-a34e-567892064957
*** Element info: {Using=id, value=com.tvisha.hoopshe:id/tab_feeds}
	at org.openqa.selenium.remote.ErrorHandler.createThrowable(ErrorHandler.java:206)
	at org.openqa.selenium.remote.ErrorHandler.throwIfResponseFailed(ErrorHandler.java:158)
	at org.openqa.selenium.remote.RemoteWebDriver.execute(RemoteWebDriver.java:678)
	at org.openqa.selenium.remote.RemoteWebDriver.findElement(RemoteWebDriver.java:363)
	at org.openqa.selenium.remote.RemoteWebDriver.findElementById(RemoteWebDriver.java:413)
	at org.openqa.selenium.By$ById.findElement(By.java:218)
	at org.openqa.selenium.remote.RemoteWebDriver.findElement(RemoteWebDriver.java:355)
	at com.tvisha.multipleDevicepkg.MultiDeviceDemo.home_Page(MultiDeviceDemo.java:133)
	at java.util.concurrent.FutureTask.run(FutureTask.java:266)
	at java.util.concurrent.ThreadPoolExecutor.runWorker(ThreadPoolExecutor.java:1142)
	at java.util.concurrent.ThreadPoolExecutor$Worker.run(ThreadPoolExecutor.java:617)
	at java.lang.Thread.run(Thread.java:745)
... Removed 20 stack frames]]>
    </failure>
  </testcase> <!-- home_Page -->
  <testcase name="center_Add_Button" time="0.169" classname="com.tvisha.multipleDevicepkg.MultiDeviceDemo">
    <failure type="org.openqa.selenium.NoSuchElementException" message="An element could not be located on the page using the given search parameters. (WARNING: The server did not provide any stacktrace information)
Command duration or timeout: 159 milliseconds
For documentation on this error, please visit: http://seleniumhq.org/exceptions/no_such_element.html
Build info: version: &amp;apos;2.53.1&amp;apos;, revision: &amp;apos;a36b8b1&amp;apos;, time: &amp;apos;2016-06-30 17:37:03&amp;apos;
System info: host: &amp;apos;DESKTOP-PO91V4R&amp;apos;, ip: &amp;apos;192.168.2.51&amp;apos;, os.name: &amp;apos;Windows 10&amp;apos;, os.arch: &amp;apos;amd64&amp;apos;, os.version: &amp;apos;10.0&amp;apos;, java.version: &amp;apos;1.8.0_121&amp;apos;
Driver info: org.openqa.selenium.remote.RemoteWebDriver
Capabilities [{app=D:\sathish_eclipse_workspace\MultipleDevicesAppium\apk\app-debug.apk, networkConnectionEnabled=true, warnings={}, databaseEnabled=false, deviceName=emulator-5554, UDID=emulator-5554, platform=LINUX, desired={app=D:\sathish_eclipse_workspace\MultipleDevicesAppium\apk\app-debug.apk, platformVersion=5.1.1, platformName=Android, deviceName=SM-J200G, UDID=emulator-5554}, platformVersion=5.1.1, webStorageEnabled=false, locationContextEnabled=false, browserName=Android, takesScreenshot=true, javascriptEnabled=true, platformName=Android}]
Session ID: 401c6fc1-16e7-4d06-a34e-567892064957
*** Element info: {Using=id, value=com.tvisha.hoopshe:id/tab_createProduct}">
      <![CDATA[org.openqa.selenium.NoSuchElementException: An element could not be located on the page using the given search parameters. (WARNING: The server did not provide any stacktrace information)
Command duration or timeout: 159 milliseconds
For documentation on this error, please visit: http://seleniumhq.org/exceptions/no_such_element.html
Build info: version: '2.53.1', revision: 'a36b8b1', time: '2016-06-30 17:37:03'
System info: host: 'DESKTOP-PO91V4R', ip: '192.168.2.51', os.name: 'Windows 10', os.arch: 'amd64', os.version: '10.0', java.version: '1.8.0_121'
Driver info: org.openqa.selenium.remote.RemoteWebDriver
Capabilities [{app=D:\sathish_eclipse_workspace\MultipleDevicesAppium\apk\app-debug.apk, networkConnectionEnabled=true, warnings={}, databaseEnabled=false, deviceName=emulator-5554, UDID=emulator-5554, platform=LINUX, desired={app=D:\sathish_eclipse_workspace\MultipleDevicesAppium\apk\app-debug.apk, platformVersion=5.1.1, platformName=Android, deviceName=SM-J200G, UDID=emulator-5554}, platformVersion=5.1.1, webStorageEnabled=false, locationContextEnabled=false, browserName=Android, takesScreenshot=true, javascriptEnabled=true, platformName=Android}]
Session ID: 401c6fc1-16e7-4d06-a34e-567892064957
*** Element info: {Using=id, value=com.tvisha.hoopshe:id/tab_createProduct}
	at org.openqa.selenium.remote.ErrorHandler.createThrowable(ErrorHandler.java:206)
	at org.openqa.selenium.remote.ErrorHandler.throwIfResponseFailed(ErrorHandler.java:158)
	at org.openqa.selenium.remote.RemoteWebDriver.execute(RemoteWebDriver.java:678)
	at org.openqa.selenium.remote.RemoteWebDriver.findElement(RemoteWebDriver.java:363)
	at org.openqa.selenium.remote.RemoteWebDriver.findElementById(RemoteWebDriver.java:413)
	at org.openqa.selenium.By$ById.findElement(By.java:218)
	at org.openqa.selenium.remote.RemoteWebDriver.findElement(RemoteWebDriver.java:355)
	at com.tvisha.multipleDevicepkg.MultiDeviceDemo.center_Add_Button(MultiDeviceDemo.java:159)
	at java.util.concurrent.FutureTask.run(FutureTask.java:266)
	at java.util.concurrent.ThreadPoolExecutor.runWorker(ThreadPoolExecutor.java:1142)
	at java.util.concurrent.ThreadPoolExecutor$Worker.run(ThreadPoolExecutor.java:617)
	at java.lang.Thread.run(Thread.java:745)
... Removed 20 stack frames]]>
    </failure>
  </testcase> <!-- center_Add_Button -->
  <testcase name="test_case4" time="0.01" classname="com.tvisha.multipleDevicepkg.MultiDeviceDemo">
    <failure type="org.openqa.selenium.UnsupportedCommandException" message="Missing parameters: [&amp;quot;selector&amp;quot;]
Command duration or timeout: 9 milliseconds
Build info: version: &amp;apos;2.53.1&amp;apos;, revision: &amp;apos;a36b8b1&amp;apos;, time: &amp;apos;2016-06-30 17:37:03&amp;apos;
System info: host: &amp;apos;DESKTOP-PO91V4R&amp;apos;, ip: &amp;apos;192.168.2.51&amp;apos;, os.name: &amp;apos;Windows 10&amp;apos;, os.arch: &amp;apos;amd64&amp;apos;, os.version: &amp;apos;10.0&amp;apos;, java.version: &amp;apos;1.8.0_121&amp;apos;
Driver info: org.openqa.selenium.remote.RemoteWebDriver
Capabilities [{app=D:\sathish_eclipse_workspace\MultipleDevicesAppium\apk\app-debug.apk, networkConnectionEnabled=true, warnings={}, databaseEnabled=false, deviceName=emulator-5554, UDID=emulator-5554, platform=LINUX, desired={app=D:\sathish_eclipse_workspace\MultipleDevicesAppium\apk\app-debug.apk, platformVersion=5.1.1, platformName=Android, deviceName=SM-J200G, UDID=emulator-5554}, platformVersion=5.1.1, webStorageEnabled=false, locationContextEnabled=false, browserName=Android, takesScreenshot=true, javascriptEnabled=true, platformName=Android}]
Session ID: 401c6fc1-16e7-4d06-a34e-567892064957
*** Element info: {Using=id, value=}">
      <![CDATA[org.openqa.selenium.UnsupportedCommandException: Missing parameters: ["selector"]
Command duration or timeout: 9 milliseconds
Build info: version: '2.53.1', revision: 'a36b8b1', time: '2016-06-30 17:37:03'
System info: host: 'DESKTOP-PO91V4R', ip: '192.168.2.51', os.name: 'Windows 10', os.arch: 'amd64', os.version: '10.0', java.version: '1.8.0_121'
Driver info: org.openqa.selenium.remote.RemoteWebDriver
Capabilities [{app=D:\sathish_eclipse_workspace\MultipleDevicesAppium\apk\app-debug.apk, networkConnectionEnabled=true, warnings={}, databaseEnabled=false, deviceName=emulator-5554, UDID=emulator-5554, platform=LINUX, desired={app=D:\sathish_eclipse_workspace\MultipleDevicesAppium\apk\app-debug.apk, platformVersion=5.1.1, platformName=Android, deviceName=SM-J200G, UDID=emulator-5554}, platformVersion=5.1.1, webStorageEnabled=false, locationContextEnabled=false, browserName=Android, takesScreenshot=true, javascriptEnabled=true, platformName=Android}]
Session ID: 401c6fc1-16e7-4d06-a34e-567892064957
*** Element info: {Using=id, value=}
	at org.openqa.selenium.remote.ErrorHandler.createThrowable(ErrorHandler.java:206)
	at org.openqa.selenium.remote.ErrorHandler.throwIfResponseFailed(ErrorHandler.java:158)
	at org.openqa.selenium.remote.RemoteWebDriver.execute(RemoteWebDriver.java:678)
	at org.openqa.selenium.remote.RemoteWebDriver.findElement(RemoteWebDriver.java:363)
	at org.openqa.selenium.remote.RemoteWebDriver.findElementById(RemoteWebDriver.java:413)
	at org.openqa.selenium.By$ById.findElement(By.java:218)
	at org.openqa.selenium.remote.RemoteWebDriver.findElement(RemoteWebDriver.java:355)
	at com.tvisha.multipleDevicepkg.MultiDeviceDemo.test_case4(MultiDeviceDemo.java:309)
	at java.util.concurrent.FutureTask.run(FutureTask.java:266)
	at java.util.concurrent.ThreadPoolExecutor.runWorker(ThreadPoolExecutor.java:1142)
	at java.util.concurrent.ThreadPoolExecutor$Worker.run(ThreadPoolExecutor.java:617)
	at java.lang.Thread.run(Thread.java:745)
... Removed 20 stack frames]]>
    </failure>
  </testcase> <!-- test_case4 -->
  <testcase name="log_out" time="0.043" classname="com.tvisha.multipleDevicepkg.MultiDeviceDemo">
    <failure type="org.openqa.selenium.NoSuchElementException" message="An element could not be located on the page using the given search parameters. (WARNING: The server did not provide any stacktrace information)
Command duration or timeout: 41 milliseconds
For documentation on this error, please visit: http://seleniumhq.org/exceptions/no_such_element.html
Build info: version: &amp;apos;2.53.1&amp;apos;, revision: &amp;apos;a36b8b1&amp;apos;, time: &amp;apos;2016-06-30 17:37:03&amp;apos;
System info: host: &amp;apos;DESKTOP-PO91V4R&amp;apos;, ip: &amp;apos;192.168.2.51&amp;apos;, os.name: &amp;apos;Windows 10&amp;apos;, os.arch: &amp;apos;amd64&amp;apos;, os.version: &amp;apos;10.0&amp;apos;, java.version: &amp;apos;1.8.0_121&amp;apos;
Driver info: org.openqa.selenium.remote.RemoteWebDriver
Capabilities [{app=D:\sathish_eclipse_workspace\MultipleDevicesAppium\apk\app-debug.apk, networkConnectionEnabled=true, warnings={}, databaseEnabled=false, deviceName=emulator-5554, UDID=emulator-5554, platform=LINUX, desired={app=D:\sathish_eclipse_workspace\MultipleDevicesAppium\apk\app-debug.apk, platformVersion=5.1.1, platformName=Android, deviceName=SM-J200G, UDID=emulator-5554}, platformVersion=5.1.1, webStorageEnabled=false, locationContextEnabled=false, browserName=Android, takesScreenshot=true, javascriptEnabled=true, platformName=Android}]
Session ID: 401c6fc1-16e7-4d06-a34e-567892064957
*** Element info: {Using=id, value=com.tvisha.hoopshe:id/ic_more}">
      <![CDATA[org.openqa.selenium.NoSuchElementException: An element could not be located on the page using the given search parameters. (WARNING: The server did not provide any stacktrace information)
Command duration or timeout: 41 milliseconds
For documentation on this error, please visit: http://seleniumhq.org/exceptions/no_such_element.html
Build info: version: '2.53.1', revision: 'a36b8b1', time: '2016-06-30 17:37:03'
System info: host: 'DESKTOP-PO91V4R', ip: '192.168.2.51', os.name: 'Windows 10', os.arch: 'amd64', os.version: '10.0', java.version: '1.8.0_121'
Driver info: org.openqa.selenium.remote.RemoteWebDriver
Capabilities [{app=D:\sathish_eclipse_workspace\MultipleDevicesAppium\apk\app-debug.apk, networkConnectionEnabled=true, warnings={}, databaseEnabled=false, deviceName=emulator-5554, UDID=emulator-5554, platform=LINUX, desired={app=D:\sathish_eclipse_workspace\MultipleDevicesAppium\apk\app-debug.apk, platformVersion=5.1.1, platformName=Android, deviceName=SM-J200G, UDID=emulator-5554}, platformVersion=5.1.1, webStorageEnabled=false, locationContextEnabled=false, browserName=Android, takesScreenshot=true, javascriptEnabled=true, platformName=Android}]
Session ID: 401c6fc1-16e7-4d06-a34e-567892064957
*** Element info: {Using=id, value=com.tvisha.hoopshe:id/ic_more}
	at org.openqa.selenium.remote.ErrorHandler.createThrowable(ErrorHandler.java:206)
	at org.openqa.selenium.remote.ErrorHandler.throwIfResponseFailed(ErrorHandler.java:158)
	at org.openqa.selenium.remote.RemoteWebDriver.execute(RemoteWebDriver.java:678)
	at org.openqa.selenium.remote.RemoteWebDriver.findElement(RemoteWebDriver.java:363)
	at org.openqa.selenium.remote.RemoteWebDriver.findElementById(RemoteWebDriver.java:413)
	at org.openqa.selenium.By$ById.findElement(By.java:218)
	at org.openqa.selenium.remote.RemoteWebDriver.findElement(RemoteWebDriver.java:355)
	at com.tvisha.multipleDevicepkg.MultiDeviceDemo.log_out(MultiDeviceDemo.java:327)
	at java.util.concurrent.FutureTask.run(FutureTask.java:266)
	at java.util.concurrent.ThreadPoolExecutor.runWorker(ThreadPoolExecutor.java:1142)
	at java.util.concurrent.ThreadPoolExecutor$Worker.run(ThreadPoolExecutor.java:617)
	at java.lang.Thread.run(Thread.java:745)
... Removed 20 stack frames]]>
    </failure>
  </testcase> <!-- log_out -->
</testsuite> <!-- Test1 -->
